<?xml version="1.0" encoding="UTF-8"?>
<testng-results skipped="0" failed="2" total="32" passed="30">
  <reporter-output>
  </reporter-output>
  <suite name="globalSuite" duration-ms="0" started-at="2016-02-10T17:59:26Z" finished-at="2016-02-10T17:59:26Z">
    <groups>
    </groups>
  </suite> <!-- globalSuite -->
  <suite name="FunctionalSuite" duration-ms="119429" started-at="2016-02-10T17:57:26Z" finished-at="2016-02-10T17:59:25Z">
    <groups>
    </groups>
    <test name="Functional" duration-ms="119429" started-at="2016-02-10T17:57:26Z" finished-at="2016-02-10T17:59:25Z">
      <class name="tests.product_page.ProductPageTests">
        <test-method status="PASS" signature="startBrowser()[pri:0, instance:tests.product_page.ProductPageTests@8bd1b6a]" name="startBrowser" is-config="true" duration-ms="2244" started-at="2016-02-10T19:57:24Z" finished-at="2016-02-10T19:57:26Z">
          <reporter-output>
          </reporter-output>
        </test-method> <!-- startBrowser -->
        <test-method status="PASS" signature="setUp()[pri:0, instance:tests.product_page.ProductPageTests@8bd1b6a]" name="setUp" is-config="true" duration-ms="1145" started-at="2016-02-10T19:58:07Z" finished-at="2016-02-10T19:58:08Z">
          <reporter-output>
          </reporter-output>
        </test-method> <!-- setUp -->
        <test-method status="FAIL" signature="test1_womanProductPage()[pri:0, instance:tests.product_page.ProductPageTests@8bd1b6a]" name="test1_womanProductPage" duration-ms="41" started-at="2016-02-10T19:58:08Z" finished-at="2016-02-10T19:58:08Z">
          <exception class="org.openqa.selenium.ElementNotVisibleException">
            <message>
              <![CDATA[element not visible
  (Session info: chrome=48.0.2564.82)
  (Driver info: chromedriver=2.21.371461 (633e689b520b25f3e264a2ede6b74ccc23cb636a),platform=Linux 3.13.0-77-generic x86_64) (WARNING: The server did not provide any stacktrace information)
Command duration or timeout: 19 milliseconds
Build info: version: '2.51.0', revision: '1af067dbcaedd7d2ab9af5151fc471d363d97193', time: '2016-02-05 11:20:57'
System info: host: 'alexace-pc', ip: '127.0.1.1', os.name: 'Linux', os.arch: 'amd64', os.version: '3.13.0-77-generic', java.version: '1.8.0_60'
Driver info: org.openqa.selenium.chrome.ChromeDriver
Capabilities [{applicationCacheEnabled=false, rotatable=false, mobileEmulationEnabled=false, chrome={chromedriverVersion=2.21.371461 (633e689b520b25f3e264a2ede6b74ccc23cb636a), userDataDir=/tmp/.com.google.Chrome.JPUGQ4}, takesHeapSnapshot=true, databaseEnabled=false, handlesAlerts=true, hasTouchScreen=false, version=48.0.2564.82, platform=LINUX, browserConnectionEnabled=false, nativeEvents=true, acceptSslCerts=true, locationContextEnabled=true, webStorageEnabled=true, browserName=chrome, takesScreenshot=true, javascriptEnabled=true, cssSelectorsEnabled=true}]
Session ID: 9305b067bf220093f55345e7804f1815]]>
            </message>
            <full-stacktrace>
              <![CDATA[org.openqa.selenium.ElementNotVisibleException: element not visible
  (Session info: chrome=48.0.2564.82)
  (Driver info: chromedriver=2.21.371461 (633e689b520b25f3e264a2ede6b74ccc23cb636a),platform=Linux 3.13.0-77-generic x86_64) (WARNING: The server did not provide any stacktrace information)
Command duration or timeout: 19 milliseconds
Build info: version: '2.51.0', revision: '1af067dbcaedd7d2ab9af5151fc471d363d97193', time: '2016-02-05 11:20:57'
System info: host: 'alexace-pc', ip: '127.0.1.1', os.name: 'Linux', os.arch: 'amd64', os.version: '3.13.0-77-generic', java.version: '1.8.0_60'
Driver info: org.openqa.selenium.chrome.ChromeDriver
Capabilities [{applicationCacheEnabled=false, rotatable=false, mobileEmulationEnabled=false, chrome={chromedriverVersion=2.21.371461 (633e689b520b25f3e264a2ede6b74ccc23cb636a), userDataDir=/tmp/.com.google.Chrome.JPUGQ4}, takesHeapSnapshot=true, databaseEnabled=false, handlesAlerts=true, hasTouchScreen=false, version=48.0.2564.82, platform=LINUX, browserConnectionEnabled=false, nativeEvents=true, acceptSslCerts=true, locationContextEnabled=true, webStorageEnabled=true, browserName=chrome, takesScreenshot=true, javascriptEnabled=true, cssSelectorsEnabled=true}]
Session ID: 9305b067bf220093f55345e7804f1815
	at sun.reflect.NativeConstructorAccessorImpl.newInstance0(Native Method)
	at sun.reflect.NativeConstructorAccessorImpl.newInstance(NativeConstructorAccessorImpl.java:62)
	at sun.reflect.DelegatingConstructorAccessorImpl.newInstance(DelegatingConstructorAccessorImpl.java:45)
	at java.lang.reflect.Constructor.newInstance(Constructor.java:422)
	at org.openqa.selenium.remote.ErrorHandler.createThrowable(ErrorHandler.java:206)
	at org.openqa.selenium.remote.ErrorHandler.throwIfResponseFailed(ErrorHandler.java:158)
	at org.openqa.selenium.remote.RemoteWebDriver.execute(RemoteWebDriver.java:678)
	at org.openqa.selenium.remote.RemoteWebElement.execute(RemoteWebElement.java:327)
	at org.openqa.selenium.remote.RemoteWebElement.click(RemoteWebElement.java:85)
	at utils.WebElementsActions.clickButton(WebElementsActions.java:131)
	at pages.HomePage.closeBlurb(HomePage.java:504)
	at tests.product_page.ProductPageTests.test1_womanProductPage(ProductPageTests.java:17)
	at sun.reflect.NativeMethodAccessorImpl.invoke0(Native Method)
	at sun.reflect.NativeMethodAccessorImpl.invoke(NativeMethodAccessorImpl.java:62)
	at sun.reflect.DelegatingMethodAccessorImpl.invoke(DelegatingMethodAccessorImpl.java:43)
	at java.lang.reflect.Method.invoke(Method.java:497)
	at org.testng.internal.MethodInvocationHelper.invokeMethod(MethodInvocationHelper.java:84)
	at org.testng.internal.Invoker.invokeMethod(Invoker.java:714)
	at org.testng.internal.Invoker.invokeTestMethod(Invoker.java:901)
	at org.testng.internal.Invoker.invokeTestMethods(Invoker.java:1231)
	at org.testng.internal.TestMethodWorker.invokeTestMethods(TestMethodWorker.java:127)
	at org.testng.internal.TestMethodWorker.run(TestMethodWorker.java:111)
	at org.testng.TestRunner.privateRun(TestRunner.java:767)
	at org.testng.TestRunner.run(TestRunner.java:617)
	at org.testng.SuiteRunner.runTest(SuiteRunner.java:348)
	at org.testng.SuiteRunner.runSequentially(SuiteRunner.java:343)
	at org.testng.SuiteRunner.privateRun(SuiteRunner.java:305)
	at org.testng.SuiteRunner.run(SuiteRunner.java:254)
	at org.testng.SuiteRunnerWorker.runSuite(SuiteRunnerWorker.java:52)
	at org.testng.SuiteRunnerWorker.run(SuiteRunnerWorker.java:86)
	at org.testng.TestNG.runSuitesSequentially(TestNG.java:1224)
	at org.testng.TestNG.runSuitesSequentially(TestNG.java:1220)
	at org.testng.TestNG.runSuitesLocally(TestNG.java:1149)
	at org.testng.TestNG.run(TestNG.java:1057)
	at org.apache.maven.surefire.testng.TestNGExecutor.run(TestNGExecutor.java:293)
	at org.apache.maven.surefire.testng.TestNGXmlTestSuite.execute(TestNGXmlTestSuite.java:84)
	at org.apache.maven.surefire.testng.TestNGProvider.invoke(TestNGProvider.java:91)
	at org.apache.maven.surefire.booter.ForkedBooter.invokeProviderInSameClassLoader(ForkedBooter.java:200)
	at org.apache.maven.surefire.booter.ForkedBooter.runSuitesInProcess(ForkedBooter.java:153)
	at org.apache.maven.surefire.booter.ForkedBooter.main(ForkedBooter.java:103)
]]>
            </full-stacktrace>
          </exception> <!-- org.openqa.selenium.ElementNotVisibleException -->
          <reporter-output>
          </reporter-output>
        </test-method> <!-- test1_womanProductPage -->
        <test-method status="PASS" signature="test2_manProductPage()[pri:0, instance:tests.product_page.ProductPageTests@8bd1b6a]" name="test2_manProductPage" duration-ms="8329" started-at="2016-02-10T19:58:08Z" finished-at="2016-02-10T19:58:16Z">
          <reporter-output>
          </reporter-output>
        </test-method> <!-- test2_manProductPage -->
        <test-method status="PASS" signature="test3_barnProductPage()[pri:0, instance:tests.product_page.ProductPageTests@8bd1b6a]" name="test3_barnProductPage" duration-ms="6693" started-at="2016-02-10T19:58:16Z" finished-at="2016-02-10T19:58:23Z">
          <reporter-output>
          </reporter-output>
        </test-method> <!-- test3_barnProductPage -->
        <test-method status="PASS" signature="test4_sportProductPage()[pri:0, instance:tests.product_page.ProductPageTests@8bd1b6a]" name="test4_sportProductPage" duration-ms="6396" started-at="2016-02-10T19:58:23Z" finished-at="2016-02-10T19:58:29Z">
          <reporter-output>
          </reporter-output>
        </test-method> <!-- test4_sportProductPage -->
        <test-method status="PASS" signature="test5_linenAndBathPage()[pri:0, instance:tests.product_page.ProductPageTests@8bd1b6a]" name="test5_linenAndBathPage" duration-ms="7666" started-at="2016-02-10T19:58:29Z" finished-at="2016-02-10T19:58:37Z">
          <reporter-output>
          </reporter-output>
        </test-method> <!-- test5_linenAndBathPage -->
        <test-method status="PASS" signature="test6_footwearPage()[pri:0, instance:tests.product_page.ProductPageTests@8bd1b6a]" name="test6_footwearPage" duration-ms="6687" started-at="2016-02-10T19:58:37Z" finished-at="2016-02-10T19:58:44Z">
          <reporter-output>
          </reporter-output>
        </test-method> <!-- test6_footwearPage -->
        <test-method status="PASS" signature="test7_hemPage()[pri:0, instance:tests.product_page.ProductPageTests@8bd1b6a]" name="test7_hemPage" duration-ms="6691" started-at="2016-02-10T19:58:44Z" finished-at="2016-02-10T19:58:50Z">
          <reporter-output>
          </reporter-output>
        </test-method> <!-- test7_hemPage -->
        <test-method status="PASS" signature="test8_electronicPage()[pri:0, instance:tests.product_page.ProductPageTests@8bd1b6a]" name="test8_electronicPage" duration-ms="6068" started-at="2016-02-10T19:58:50Z" finished-at="2016-02-10T19:58:56Z">
          <reporter-output>
          </reporter-output>
        </test-method> <!-- test8_electronicPage -->
        <test-method status="PASS" signature="test9_beautyAndHealthPage()[pri:0, instance:tests.product_page.ProductPageTests@8bd1b6a]" name="test9_beautyAndHealthPage" duration-ms="6606" started-at="2016-02-10T19:58:56Z" finished-at="2016-02-10T19:59:03Z">
          <reporter-output>
          </reporter-output>
        </test-method> <!-- test9_beautyAndHealthPage -->
        <test-method status="PASS" signature="test10_plusPage()[pri:0, instance:tests.product_page.ProductPageTests@8bd1b6a]" name="test10_plusPage" duration-ms="6678" started-at="2016-02-10T19:59:03Z" finished-at="2016-02-10T19:59:10Z">
          <reporter-output>
          </reporter-output>
        </test-method> <!-- test10_plusPage -->
        <test-method status="PASS" signature="test11_reaPage()[pri:0, instance:tests.product_page.ProductPageTests@8bd1b6a]" name="test11_reaPage" duration-ms="6813" started-at="2016-02-10T19:59:10Z" finished-at="2016-02-10T19:59:17Z">
          <reporter-output>
          </reporter-output>
        </test-method> <!-- test11_reaPage -->
        <test-method status="PASS" signature="test12_inspirationPage()[pri:0, instance:tests.product_page.ProductPageTests@8bd1b6a]" name="test12_inspirationPage" duration-ms="4196" started-at="2016-02-10T19:59:17Z" finished-at="2016-02-10T19:59:21Z">
          <reporter-output>
          </reporter-output>
        </test-method> <!-- test12_inspirationPage -->
        <test-method status="PASS" signature="test13_resorPage()[pri:0, instance:tests.product_page.ProductPageTests@8bd1b6a]" name="test13_resorPage" duration-ms="4574" started-at="2016-02-10T19:59:21Z" finished-at="2016-02-10T19:59:25Z">
          <reporter-output>
          </reporter-output>
        </test-method> <!-- test13_resorPage -->
        <test-method status="PASS" signature="tearDown()[pri:0, instance:tests.product_page.ProductPageTests@8bd1b6a]" name="tearDown" is-config="true" duration-ms="1" started-at="2016-02-10T19:59:25Z" finished-at="2016-02-10T19:59:25Z">
          <reporter-output>
          </reporter-output>
        </test-method> <!-- tearDown -->
        <test-method status="PASS" signature="quitBrowser()[pri:0, instance:tests.product_page.ProductPageTests@8bd1b6a]" name="quitBrowser" is-config="true" duration-ms="87" started-at="2016-02-10T19:59:25Z" finished-at="2016-02-10T19:59:25Z">
          <reporter-output>
          </reporter-output>
        </test-method> <!-- quitBrowser -->
      </class> <!-- tests.product_page.ProductPageTests -->
      <class name="tests.registration.RegistrationTests">
        <test-method status="PASS" signature="setUp()[pri:0, instance:tests.registration.RegistrationTests@5b275dab]" name="setUp" is-config="true" duration-ms="999" started-at="2016-02-10T19:57:44Z" finished-at="2016-02-10T19:57:45Z">
          <reporter-output>
          </reporter-output>
        </test-method> <!-- setUp -->
        <test-method status="FAIL" signature="test1_positiveRegistration()[pri:0, instance:tests.registration.RegistrationTests@5b275dab]" name="test1_positiveRegistration" duration-ms="50" started-at="2016-02-10T19:57:45Z" finished-at="2016-02-10T19:57:45Z">
          <exception class="org.openqa.selenium.ElementNotVisibleException">
            <message>
              <![CDATA[element not visible
  (Session info: chrome=48.0.2564.82)
  (Driver info: chromedriver=2.21.371461 (633e689b520b25f3e264a2ede6b74ccc23cb636a),platform=Linux 3.13.0-77-generic x86_64) (WARNING: The server did not provide any stacktrace information)
Command duration or timeout: 20 milliseconds
Build info: version: '2.51.0', revision: '1af067dbcaedd7d2ab9af5151fc471d363d97193', time: '2016-02-05 11:20:57'
System info: host: 'alexace-pc', ip: '127.0.1.1', os.name: 'Linux', os.arch: 'amd64', os.version: '3.13.0-77-generic', java.version: '1.8.0_60'
Driver info: org.openqa.selenium.chrome.ChromeDriver
Capabilities [{applicationCacheEnabled=false, rotatable=false, mobileEmulationEnabled=false, chrome={chromedriverVersion=2.21.371461 (633e689b520b25f3e264a2ede6b74ccc23cb636a), userDataDir=/tmp/.com.google.Chrome.JPUGQ4}, takesHeapSnapshot=true, databaseEnabled=false, handlesAlerts=true, hasTouchScreen=false, version=48.0.2564.82, platform=LINUX, browserConnectionEnabled=false, nativeEvents=true, acceptSslCerts=true, locationContextEnabled=true, webStorageEnabled=true, browserName=chrome, takesScreenshot=true, javascriptEnabled=true, cssSelectorsEnabled=true}]
Session ID: 9305b067bf220093f55345e7804f1815]]>
            </message>
            <full-stacktrace>
              <![CDATA[org.openqa.selenium.ElementNotVisibleException: element not visible
  (Session info: chrome=48.0.2564.82)
  (Driver info: chromedriver=2.21.371461 (633e689b520b25f3e264a2ede6b74ccc23cb636a),platform=Linux 3.13.0-77-generic x86_64) (WARNING: The server did not provide any stacktrace information)
Command duration or timeout: 20 milliseconds
Build info: version: '2.51.0', revision: '1af067dbcaedd7d2ab9af5151fc471d363d97193', time: '2016-02-05 11:20:57'
System info: host: 'alexace-pc', ip: '127.0.1.1', os.name: 'Linux', os.arch: 'amd64', os.version: '3.13.0-77-generic', java.version: '1.8.0_60'
Driver info: org.openqa.selenium.chrome.ChromeDriver
Capabilities [{applicationCacheEnabled=false, rotatable=false, mobileEmulationEnabled=false, chrome={chromedriverVersion=2.21.371461 (633e689b520b25f3e264a2ede6b74ccc23cb636a), userDataDir=/tmp/.com.google.Chrome.JPUGQ4}, takesHeapSnapshot=true, databaseEnabled=false, handlesAlerts=true, hasTouchScreen=false, version=48.0.2564.82, platform=LINUX, browserConnectionEnabled=false, nativeEvents=true, acceptSslCerts=true, locationContextEnabled=true, webStorageEnabled=true, browserName=chrome, takesScreenshot=true, javascriptEnabled=true, cssSelectorsEnabled=true}]
Session ID: 9305b067bf220093f55345e7804f1815
	at sun.reflect.NativeConstructorAccessorImpl.newInstance0(Native Method)
	at sun.reflect.NativeConstructorAccessorImpl.newInstance(NativeConstructorAccessorImpl.java:62)
	at sun.reflect.DelegatingConstructorAccessorImpl.newInstance(DelegatingConstructorAccessorImpl.java:45)
	at java.lang.reflect.Constructor.newInstance(Constructor.java:422)
	at org.openqa.selenium.remote.ErrorHandler.createThrowable(ErrorHandler.java:206)
	at org.openqa.selenium.remote.ErrorHandler.throwIfResponseFailed(ErrorHandler.java:158)
	at org.openqa.selenium.remote.RemoteWebDriver.execute(RemoteWebDriver.java:678)
	at org.openqa.selenium.remote.RemoteWebElement.execute(RemoteWebElement.java:327)
	at org.openqa.selenium.remote.RemoteWebElement.click(RemoteWebElement.java:85)
	at utils.WebElementsActions.clickButton(WebElementsActions.java:131)
	at pages.HomePage.closeBlurb(HomePage.java:504)
	at tests.registration.RegistrationTests.test1_positiveRegistration(RegistrationTests.java:22)
	at sun.reflect.NativeMethodAccessorImpl.invoke0(Native Method)
	at sun.reflect.NativeMethodAccessorImpl.invoke(NativeMethodAccessorImpl.java:62)
	at sun.reflect.DelegatingMethodAccessorImpl.invoke(DelegatingMethodAccessorImpl.java:43)
	at java.lang.reflect.Method.invoke(Method.java:497)
	at org.testng.internal.MethodInvocationHelper.invokeMethod(MethodInvocationHelper.java:84)
	at org.testng.internal.Invoker.invokeMethod(Invoker.java:714)
	at org.testng.internal.Invoker.invokeTestMethod(Invoker.java:901)
	at org.testng.internal.Invoker.invokeTestMethods(Invoker.java:1231)
	at org.testng.internal.TestMethodWorker.invokeTestMethods(TestMethodWorker.java:127)
	at org.testng.internal.TestMethodWorker.run(TestMethodWorker.java:111)
	at org.testng.TestRunner.privateRun(TestRunner.java:767)
	at org.testng.TestRunner.run(TestRunner.java:617)
	at org.testng.SuiteRunner.runTest(SuiteRunner.java:348)
	at org.testng.SuiteRunner.runSequentially(SuiteRunner.java:343)
	at org.testng.SuiteRunner.privateRun(SuiteRunner.java:305)
	at org.testng.SuiteRunner.run(SuiteRunner.java:254)
	at org.testng.SuiteRunnerWorker.runSuite(SuiteRunnerWorker.java:52)
	at org.testng.SuiteRunnerWorker.run(SuiteRunnerWorker.java:86)
	at org.testng.TestNG.runSuitesSequentially(TestNG.java:1224)
	at org.testng.TestNG.runSuitesSequentially(TestNG.java:1220)
	at org.testng.TestNG.runSuitesLocally(TestNG.java:1149)
	at org.testng.TestNG.run(TestNG.java:1057)
	at org.apache.maven.surefire.testng.TestNGExecutor.run(TestNGExecutor.java:293)
	at org.apache.maven.surefire.testng.TestNGXmlTestSuite.execute(TestNGXmlTestSuite.java:84)
	at org.apache.maven.surefire.testng.TestNGProvider.invoke(TestNGProvider.java:91)
	at org.apache.maven.surefire.booter.ForkedBooter.invokeProviderInSameClassLoader(ForkedBooter.java:200)
	at org.apache.maven.surefire.booter.ForkedBooter.runSuitesInProcess(ForkedBooter.java:153)
	at org.apache.maven.surefire.booter.ForkedBooter.main(ForkedBooter.java:103)
]]>
            </full-stacktrace>
          </exception> <!-- org.openqa.selenium.ElementNotVisibleException -->
          <reporter-output>
          </reporter-output>
        </test-method> <!-- test1_positiveRegistration -->
        <test-method status="PASS" signature="test2_negativeOnlyFirstEmailField()[pri:0, instance:tests.registration.RegistrationTests@5b275dab]" name="test2_negativeOnlyFirstEmailField" duration-ms="1900" started-at="2016-02-10T19:57:45Z" finished-at="2016-02-10T19:57:47Z">
          <reporter-output>
          </reporter-output>
        </test-method> <!-- test2_negativeOnlyFirstEmailField -->
        <test-method status="PASS" signature="test3_negativeOnlySecondEmailField()[pri:0, instance:tests.registration.RegistrationTests@5b275dab]" name="test3_negativeOnlySecondEmailField" duration-ms="1645" started-at="2016-02-10T19:57:47Z" finished-at="2016-02-10T19:57:49Z">
          <reporter-output>
          </reporter-output>
        </test-method> <!-- test3_negativeOnlySecondEmailField -->
        <test-method status="PASS" signature="test4_negativeOnlyFirstPassField()[pri:0, instance:tests.registration.RegistrationTests@5b275dab]" name="test4_negativeOnlyFirstPassField" duration-ms="1547" started-at="2016-02-10T19:57:49Z" finished-at="2016-02-10T19:57:50Z">
          <reporter-output>
          </reporter-output>
        </test-method> <!-- test4_negativeOnlyFirstPassField -->
        <test-method status="PASS" signature="test5_negativeOnlySecondPassField()[pri:0, instance:tests.registration.RegistrationTests@5b275dab]" name="test5_negativeOnlySecondPassField" duration-ms="1612" started-at="2016-02-10T19:57:50Z" finished-at="2016-02-10T19:57:52Z">
          <reporter-output>
          </reporter-output>
        </test-method> <!-- test5_negativeOnlySecondPassField -->
        <test-method status="PASS" signature="test6_negativeOnlyEmailFields()[pri:0, instance:tests.registration.RegistrationTests@5b275dab]" name="test6_negativeOnlyEmailFields" duration-ms="1730" started-at="2016-02-10T19:57:52Z" finished-at="2016-02-10T19:57:54Z">
          <reporter-output>
          </reporter-output>
        </test-method> <!-- test6_negativeOnlyEmailFields -->
        <test-method status="PASS" signature="test7_negativeOnlyPassFields()[pri:0, instance:tests.registration.RegistrationTests@5b275dab]" name="test7_negativeOnlyPassFields" duration-ms="1649" started-at="2016-02-10T19:57:54Z" finished-at="2016-02-10T19:57:55Z">
          <reporter-output>
          </reporter-output>
        </test-method> <!-- test7_negativeOnlyPassFields -->
        <test-method status="PASS" signature="test8_negativeFirstPassFieldEmpty()[pri:0, instance:tests.registration.RegistrationTests@5b275dab]" name="test8_negativeFirstPassFieldEmpty" duration-ms="1833" started-at="2016-02-10T19:57:55Z" finished-at="2016-02-10T19:57:57Z">
          <reporter-output>
          </reporter-output>
        </test-method> <!-- test8_negativeFirstPassFieldEmpty -->
        <test-method status="PASS" signature="test9_negativeSecondPassFieldEmpty()[pri:0, instance:tests.registration.RegistrationTests@5b275dab]" name="test9_negativeSecondPassFieldEmpty" duration-ms="1607" started-at="2016-02-10T19:57:57Z" finished-at="2016-02-10T19:57:59Z">
          <reporter-output>
          </reporter-output>
        </test-method> <!-- test9_negativeSecondPassFieldEmpty -->
        <test-method status="PASS" signature="test10_negativeFirstEmailFieldEmpty()[pri:0, instance:tests.registration.RegistrationTests@5b275dab]" name="test10_negativeFirstEmailFieldEmpty" duration-ms="1640" started-at="2016-02-10T19:57:59Z" finished-at="2016-02-10T19:58:00Z">
          <reporter-output>
          </reporter-output>
        </test-method> <!-- test10_negativeFirstEmailFieldEmpty -->
        <test-method status="PASS" signature="test11_negativeSecondEmailFieldEmpty()[pri:0, instance:tests.registration.RegistrationTests@5b275dab]" name="test11_negativeSecondEmailFieldEmpty" duration-ms="1665" started-at="2016-02-10T19:58:00Z" finished-at="2016-02-10T19:58:02Z">
          <reporter-output>
          </reporter-output>
        </test-method> <!-- test11_negativeSecondEmailFieldEmpty -->
        <test-method status="PASS" signature="test12_negativeVariousEmailAddress()[pri:0, instance:tests.registration.RegistrationTests@5b275dab]" name="test12_negativeVariousEmailAddress" duration-ms="2305" started-at="2016-02-10T19:58:02Z" finished-at="2016-02-10T19:58:04Z">
          <reporter-output>
          </reporter-output>
        </test-method> <!-- test12_negativeVariousEmailAddress -->
        <test-method status="PASS" signature="test13_negativeVariousPassFields()[pri:0, instance:tests.registration.RegistrationTests@5b275dab]" name="test13_negativeVariousPassFields" duration-ms="2456" started-at="2016-02-10T19:58:04Z" finished-at="2016-02-10T19:58:07Z">
          <reporter-output>
          </reporter-output>
        </test-method> <!-- test13_negativeVariousPassFields -->
        <test-method status="PASS" signature="tearDown()[pri:0, instance:tests.registration.RegistrationTests@5b275dab]" name="tearDown" is-config="true" duration-ms="1" started-at="2016-02-10T19:58:07Z" finished-at="2016-02-10T19:58:07Z">
          <reporter-output>
          </reporter-output>
        </test-method> <!-- tearDown -->
      </class> <!-- tests.registration.RegistrationTests -->
      <class name="tests.login.LoginTests">
        <test-method status="PASS" signature="setUp()[pri:0, instance:tests.login.LoginTests@61832929]" name="setUp" is-config="true" duration-ms="7448" started-at="2016-02-10T19:57:26Z" finished-at="2016-02-10T19:57:33Z">
          <reporter-output>
          </reporter-output>
        </test-method> <!-- setUp -->
        <test-method status="PASS" signature="test1_positiveLogin()[pri:0, instance:tests.login.LoginTests@61832929]" name="test1_positiveLogin" duration-ms="5960" started-at="2016-02-10T19:57:33Z" finished-at="2016-02-10T19:57:39Z">
          <reporter-output>
          </reporter-output>
        </test-method> <!-- test1_positiveLogin -->
        <test-method status="PASS" signature="test2_incorrectLogin()[pri:0, instance:tests.login.LoginTests@61832929]" name="test2_incorrectLogin" duration-ms="2306" started-at="2016-02-10T19:57:39Z" finished-at="2016-02-10T19:57:42Z">
          <reporter-output>
          </reporter-output>
        </test-method> <!-- test2_incorrectLogin -->
        <test-method status="PASS" signature="test3_incorrectPassField()[pri:0, instance:tests.login.LoginTests@61832929]" name="test3_incorrectPassField" duration-ms="1148" started-at="2016-02-10T19:57:42Z" finished-at="2016-02-10T19:57:43Z">
          <reporter-output>
          </reporter-output>
        </test-method> <!-- test3_incorrectPassField -->
        <test-method status="PASS" signature="test4_emptyEmailAndPassFields()[pri:0, instance:tests.login.LoginTests@61832929]" name="test4_emptyEmailAndPassFields" duration-ms="478" started-at="2016-02-10T19:57:43Z" finished-at="2016-02-10T19:57:43Z">
          <reporter-output>
          </reporter-output>
        </test-method> <!-- test4_emptyEmailAndPassFields -->
        <test-method status="PASS" signature="test5_emptyEmailField()[pri:0, instance:tests.login.LoginTests@61832929]" name="test5_emptyEmailField" duration-ms="424" started-at="2016-02-10T19:57:43Z" finished-at="2016-02-10T19:57:44Z">
          <reporter-output>
          </reporter-output>
        </test-method> <!-- test5_emptyEmailField -->
        <test-method status="PASS" signature="test6_emptyPassField()[pri:0, instance:tests.login.LoginTests@61832929]" name="test6_emptyPassField" duration-ms="404" started-at="2016-02-10T19:57:44Z" finished-at="2016-02-10T19:57:44Z">
          <reporter-output>
          </reporter-output>
        </test-method> <!-- test6_emptyPassField -->
        <test-method status="PASS" signature="tearDown()[pri:0, instance:tests.login.LoginTests@61832929]" name="tearDown" is-config="true" duration-ms="1" started-at="2016-02-10T19:57:44Z" finished-at="2016-02-10T19:57:44Z">
          <reporter-output>
          </reporter-output>
        </test-method> <!-- tearDown -->
      </class> <!-- tests.login.LoginTests -->
    </test> <!-- Functional -->
  </suite> <!-- FunctionalSuite -->
</testng-results>
